[NotebookApp | WARNING] No nbgrader_config.py file found (rerun with --debug to see where nbgrader is looking)
[NotebookApp | INFO] Loading the validate_assignment nbgrader serverextension
[NotebookApp | INFO] Serving notebooks from local directory: /Users/mgao8/Dropbox/teaching/2019Spring_CSE574_ML/notebooks_classdemo
[NotebookApp | INFO] The Jupyter Notebook is running at:
[NotebookApp | INFO] http://localhost:8888/?token=570039fa0e83bfd80c3afbc31298cbed8f98f767ce7c2124
[NotebookApp | INFO] Use Control-C to stop this server and shut down all kernels (twice to skip confirmation).
[NotebookApp | CRITICAL] 
    
    To access the notebook, open this file in a browser:
        file:///Users/mgao8/Library/Jupyter/runtime/nbserver-6844-open.html
    Or copy and paste one of these URLs:
        http://localhost:8888/?token=570039fa0e83bfd80c3afbc31298cbed8f98f767ce7c2124
[NotebookApp | WARNING] Notebook SpectralClusteringDemo.ipynb is not trusted
[NotebookApp | INFO] Kernel started: 5fb1ef96-1dd9-4ff2-9a1d-fa2e12bc1297
[NotebookApp | INFO] Adapting to protocol v5.1 for kernel 5fb1ef96-1dd9-4ff2-9a1d-fa2e12bc1297
[NotebookApp | INFO] Saving file at /SpectralClusteringDemo.ipynb
[NotebookApp | WARNING] Notebook SpectralClusteringDemo.ipynb is not trusted
[NotebookApp | INFO] Saving file at /SpectralClusteringDemo.ipynb
[NotebookApp | WARNING] Notebook SpectralClusteringDemo.ipynb is not trusted
[NotebookApp | INFO] Starting buffering for 5fb1ef96-1dd9-4ff2-9a1d-fa2e12bc1297:341a79e45c6744988c9f25f404dfd80a
[NotebookApp | INFO] interrupted
[NotebookApp | CRITICAL] Shutdown confirmed
[NotebookApp | INFO] Shutting down 1 kernel
[NotebookApp | INFO] Kernel shutdown: 5fb1ef96-1dd9-4ff2-9a1d-fa2e12bc1297
